2026-02-26 19:06:14,281 - ERROR - Import failed: cannot import name 'NETWORK_CONFIG' from 'config_enhanced' (C:\Users\prajkta\Downloads\files\config_enhanced.py)
2026-02-26 19:08:31,508 - ERROR - Import failed: cannot import name 'send_telegram_alert' from 'utils_enhanced' (C:\Users\prajkta\Downloads\files\utils_enhanced.py)
2026-02-26 19:10:19,410 - INFO - Loading AI model...
2026-02-26 19:10:37,357 - INFO - AI model loaded successfully!
2026-02-26 19:10:37,359 - INFO - 🔥 Firewall Manager initialized on Windows
2026-02-26 19:10:37,405 - INFO -    Auto-block: ✅ Enabled
2026-02-26 19:10:37,412 - INFO - 🔥 Firewall Manager integrated with Alert Manager
2026-02-26 19:10:37,435 - INFO - 🚨 Enhanced Alert Manager initialized (max alerts: 1000)
2026-02-26 19:10:37,438 - INFO - 🔥 Firewall Manager initialized on Windows
2026-02-26 19:10:37,445 - INFO -    Auto-block: ✅ Enabled
2026-02-26 19:10:37,451 - INFO - Detector initialized | Interface: WiFi | Auto-block: ENABLED | Telegram alerts: DISABLED
2026-02-26 19:11:02,457 - ERROR - Task exception was never retrieved
future: <Task finished name='Task-102' coro=<TsharkXmlParser.get_packets_from_stream() done, defined at C:\Users\prajkta\AppData\Local\Programs\Python\Python314\Lib\site-packages\pyshark\tshark\output_parser\tshark_xml.py:24> exception=EOFError()>
Traceback (most recent call last):
  File "C:\Users\prajkta\Downloads\files\real_time_monitor.py", line 217, in start_monitoring
    for packet in capture.sniff_continuously():
                  ~~~~~~~~~~~~~~~~~~~~~~~~~~^^
  File "C:\Users\prajkta\AppData\Local\Programs\Python\Python314\Lib\site-packages\pyshark\capture\capture.py", line 221, in _packets_from_tshark_sync
    packet, data = self.eventloop.run_until_complete(
                   ~~~~~~~~~~~~~~~~~~~~~~~~~~~~~~~~~^
        parser.get_packets_from_stream(tshark_process.stdout, data,
        ^^^^^^^^^^^^^^^^^^^^^^^^^^^^^^^^^^^^^^^^^^^^^^^^^^^^^^^^^^^
                                       got_first_packet=packets_captured > 0))
                                       ^^^^^^^^^^^^^^^^^^^^^^^^^^^^^^^^^^^^^^^
  File "C:\Users\prajkta\AppData\Local\Programs\Python\Python314\Lib\asyncio\base_events.py", line 706, in run_until_complete
    self.run_forever()
    ~~~~~~~~~~~~~~~~^^
  File "C:\Users\prajkta\AppData\Local\Programs\Python\Python314\Lib\asyncio\base_events.py", line 677, in run_forever
    self._run_once()
    ~~~~~~~~~~~~~~^^
  File "C:\Users\prajkta\AppData\Local\Programs\Python\Python314\Lib\asyncio\base_events.py", line 2031, in _run_once
    handle = self._ready.popleft()
KeyboardInterrupt

During handling of the above exception, another exception occurred:

Traceback (most recent call last):
  File "C:\Users\prajkta\AppData\Local\Programs\Python\Python314\Lib\site-packages\pyshark\tshark\output_parser\tshark_xml.py", line 27, in get_packets_from_stream
    return await super().get_packets_from_stream(stream, existing_data, got_first_packet=got_first_packet)
           ^^^^^^^^^^^^^^^^^^^^^^^^^^^^^^^^^^^^^^^^^^^^^^^^^^^^^^^^^^^^^^^^^^^^^^^^^^^^^^^^^^^^^^^^^^^^^^^
  File "C:\Users\prajkta\AppData\Local\Programs\Python\Python314\Lib\site-packages\pyshark\tshark\output_parser\base_parser.py", line 22, in get_packets_from_stream
    raise EOFError()
EOFError
2026-02-26 19:12:15,901 - INFO - Loading AI model...
2026-02-26 19:12:18,547 - INFO - AI model loaded successfully!
2026-02-26 19:12:18,548 - INFO - 🔥 Firewall Manager initialized on Windows
2026-02-26 19:12:18,553 - INFO -    Auto-block: ✅ Enabled
2026-02-26 19:12:18,560 - INFO - 🔥 Firewall Manager integrated with Alert Manager
2026-02-26 19:12:18,567 - INFO - 🚨 Enhanced Alert Manager initialized (max alerts: 1000)
2026-02-26 19:12:18,570 - INFO - 🔥 Firewall Manager initialized on Windows
2026-02-26 19:12:18,579 - INFO -    Auto-block: ✅ Enabled
2026-02-26 19:12:18,583 - INFO - Detector initialized | Interface: WiFi | Auto-block: ENABLED | Telegram alerts: DISABLED
2026-02-26 19:21:11,694 - INFO - Loading AI model...
2026-02-26 19:21:14,423 - INFO - AI model loaded successfully!
2026-02-26 19:21:14,424 - INFO - 🔥 Firewall Manager initialized on Windows
2026-02-26 19:21:14,429 - INFO -    Auto-block: ✅ Enabled
2026-02-26 19:21:14,434 - INFO - 🔥 Firewall Manager integrated with Alert Manager
2026-02-26 19:21:14,439 - INFO - 🚨 Enhanced Alert Manager initialized (max alerts: 1000)
2026-02-26 19:21:14,443 - INFO - 🔥 Firewall Manager initialized on Windows
2026-02-26 19:21:14,447 - INFO -    Auto-block: ✅ Enabled
2026-02-26 19:21:14,452 - INFO - Detector initialized | Interface: WiFi | Auto-block: ENABLED | Telegram alerts: DISABLED
2026-02-26 19:21:29,529 - ERROR - Task exception was never retrieved
future: <Task finished name='Task-52' coro=<TsharkXmlParser.get_packets_from_stream() done, defined at C:\Users\prajkta\AppData\Local\Programs\Python\Python314\Lib\site-packages\pyshark\tshark\output_parser\tshark_xml.py:24> exception=EOFError()>
Traceback (most recent call last):
  File "C:\Users\prajkta\AppData\Local\Programs\Python\Python314\Lib\site-packages\pyshark\capture\capture.py", line 405, in __del__
    self.close()
    ~~~~~~~~~~^^
  File "C:\Users\prajkta\AppData\Local\Programs\Python\Python314\Lib\site-packages\pyshark\capture\capture.py", line 393, in close
    self.eventloop.run_until_complete(self.close_async())
    ~~~~~~~~~~~~~~~~~~~~~~~~~~~~~~~~~^^^^^^^^^^^^^^^^^^^^
  File "C:\Users\prajkta\AppData\Local\Programs\Python\Python314\Lib\asyncio\base_events.py", line 706, in run_until_complete
    self.run_forever()
    ~~~~~~~~~~~~~~~~^^
  File "C:\Users\prajkta\AppData\Local\Programs\Python\Python314\Lib\asyncio\base_events.py", line 677, in run_forever
    self._run_once()
    ~~~~~~~~~~~~~~^^
  File "C:\Users\prajkta\AppData\Local\Programs\Python\Python314\Lib\asyncio\base_events.py", line 2046, in _run_once
    handle._run()
    ~~~~~~~~~~~^^
  File "C:\Users\prajkta\AppData\Local\Programs\Python\Python314\Lib\asyncio\events.py", line 94, in _run
    self._context.run(self._callback, *self._args)
    ~~~~~~~~~~~~~~~~~^^^^^^^^^^^^^^^^^^^^^^^^^^^^^
  File "C:\Users\prajkta\AppData\Local\Programs\Python\Python314\Lib\site-packages\pyshark\capture\capture.py", line 401, in close_async
    await asyncio.gather(*self._stderr_handling_tasks)
  File "C:\Users\prajkta\Downloads\files\real_time_monitor.py", line 217, in start_monitoring
    for packet in capture.sniff_continuously():
                  ~~~~~~~~~~~~~~~~~~~~~~~~~~^^
  File "C:\Users\prajkta\AppData\Local\Programs\Python\Python314\Lib\site-packages\pyshark\capture\capture.py", line 221, in _packets_from_tshark_sync
    packet, data = self.eventloop.run_until_complete(
                   ~~~~~~~~~~~~~~~~~~~~~~~~~~~~~~~~~^
        parser.get_packets_from_stream(tshark_process.stdout, data,
        ^^^^^^^^^^^^^^^^^^^^^^^^^^^^^^^^^^^^^^^^^^^^^^^^^^^^^^^^^^^
                                       got_first_packet=packets_captured > 0))
                                       ^^^^^^^^^^^^^^^^^^^^^^^^^^^^^^^^^^^^^^^
  File "C:\Users\prajkta\AppData\Local\Programs\Python\Python314\Lib\asyncio\base_events.py", line 706, in run_until_complete
    self.run_forever()
    ~~~~~~~~~~~~~~~~^^
  File "C:\Users\prajkta\AppData\Local\Programs\Python\Python314\Lib\asyncio\base_events.py", line 677, in run_forever
    self._run_once()
    ~~~~~~~~~~~~~~^^
  File "C:\Users\prajkta\AppData\Local\Programs\Python\Python314\Lib\asyncio\base_events.py", line 2046, in _run_once
    handle._run()
    ~~~~~~~~~~~^^
  File "C:\Users\prajkta\AppData\Local\Programs\Python\Python314\Lib\asyncio\events.py", line 94, in _run
    self._context.run(self._callback, *self._args)
    ~~~~~~~~~~~~~~~~~^^^^^^^^^^^^^^^^^^^^^^^^^^^^^
  File "C:\Users\prajkta\AppData\Local\Programs\Python\Python314\Lib\site-packages\pyshark\capture\capture.py", line 307, in _handle_process_stderr_forever
    stderr_line = await stderr.readline()
                  ^^^^^^^^^^^^^^^^^^^^^^^
  File "C:\Users\prajkta\AppData\Local\Programs\Python\Python314\Lib\asyncio\streams.py", line 543, in readline
    async def readline(self):
    
KeyboardInterrupt

During handling of the above exception, another exception occurred:

Traceback (most recent call last):
  File "C:\Users\prajkta\AppData\Local\Programs\Python\Python314\Lib\site-packages\pyshark\tshark\output_parser\tshark_xml.py", line 27, in get_packets_from_stream
    return await super().get_packets_from_stream(stream, existing_data, got_first_packet=got_first_packet)
           ^^^^^^^^^^^^^^^^^^^^^^^^^^^^^^^^^^^^^^^^^^^^^^^^^^^^^^^^^^^^^^^^^^^^^^^^^^^^^^^^^^^^^^^^^^^^^^^
  File "C:\Users\prajkta\AppData\Local\Programs\Python\Python314\Lib\site-packages\pyshark\tshark\output_parser\base_parser.py", line 22, in get_packets_from_stream
    raise EOFError()
EOFError
2026-02-26 19:21:47,528 - INFO - Loading AI model...
2026-02-26 19:21:50,445 - INFO - AI model loaded successfully!
2026-02-26 19:21:50,445 - INFO - 🔥 Firewall Manager initialized on Windows
2026-02-26 19:21:50,451 - INFO -    Auto-block: ✅ Enabled
2026-02-26 19:21:50,456 - INFO - 🔥 Firewall Manager integrated with Alert Manager
2026-02-26 19:21:50,462 - INFO - 🚨 Enhanced Alert Manager initialized (max alerts: 1000)
2026-02-26 19:21:50,467 - INFO - 🔥 Firewall Manager initialized on Windows
2026-02-26 19:21:50,471 - INFO -    Auto-block: ✅ Enabled
2026-02-26 19:21:50,478 - INFO - Detector initialized | Interface: WiFi | Auto-block: ENABLED | Telegram alerts: DISABLED
2026-02-26 19:22:18,848 - ERROR - Task exception was never retrieved
future: <Task finished name='Task-374' coro=<TsharkXmlParser.get_packets_from_stream() done, defined at C:\Users\prajkta\AppData\Local\Programs\Python\Python314\Lib\site-packages\pyshark\tshark\output_parser\tshark_xml.py:24> exception=EOFError()>
Traceback (most recent call last):
  File "C:\Users\prajkta\Downloads\files\real_time_monitor.py", line 217, in start_monitoring
    for packet in capture.sniff_continuously():
                  ~~~~~~~~~~~~~~~~~~~~~~~~~~^^
  File "C:\Users\prajkta\AppData\Local\Programs\Python\Python314\Lib\site-packages\pyshark\capture\capture.py", line 221, in _packets_from_tshark_sync
    packet, data = self.eventloop.run_until_complete(
                   ~~~~~~~~~~~~~~~~~~~~~~~~~~~~~~~~~^
        parser.get_packets_from_stream(tshark_process.stdout, data,
        ^^^^^^^^^^^^^^^^^^^^^^^^^^^^^^^^^^^^^^^^^^^^^^^^^^^^^^^^^^^
                                       got_first_packet=packets_captured > 0))
                                       ^^^^^^^^^^^^^^^^^^^^^^^^^^^^^^^^^^^^^^^
  File "C:\Users\prajkta\AppData\Local\Programs\Python\Python314\Lib\asyncio\base_events.py", line 706, in run_until_complete
    self.run_forever()
    ~~~~~~~~~~~~~~~~^^
  File "C:\Users\prajkta\AppData\Local\Programs\Python\Python314\Lib\asyncio\base_events.py", line 677, in run_forever
    self._run_once()
    ~~~~~~~~~~~~~~^^
  File "C:\Users\prajkta\AppData\Local\Programs\Python\Python314\Lib\asyncio\base_events.py", line 2008, in _run_once
    event_list = self._selector.select(timeout)
  File "C:\Users\prajkta\AppData\Local\Programs\Python\Python314\Lib\asyncio\windows_events.py", line 446, in select
    self._poll(timeout)
    ~~~~~~~~~~^^^^^^^^^
  File "C:\Users\prajkta\AppData\Local\Programs\Python\Python314\Lib\asyncio\windows_events.py", line 775, in _poll
    status = _overlapped.GetQueuedCompletionStatus(self._iocp, ms)
KeyboardInterrupt

During handling of the above exception, another exception occurred:

Traceback (most recent call last):
  File "C:\Users\prajkta\AppData\Local\Programs\Python\Python314\Lib\site-packages\pyshark\tshark\output_parser\tshark_xml.py", line 27, in get_packets_from_stream
    return await super().get_packets_from_stream(stream, existing_data, got_first_packet=got_first_packet)
           ^^^^^^^^^^^^^^^^^^^^^^^^^^^^^^^^^^^^^^^^^^^^^^^^^^^^^^^^^^^^^^^^^^^^^^^^^^^^^^^^^^^^^^^^^^^^^^^
  File "C:\Users\prajkta\AppData\Local\Programs\Python\Python314\Lib\site-packages\pyshark\tshark\output_parser\base_parser.py", line 22, in get_packets_from_stream
    raise EOFError()
EOFError
2026-02-26 19:27:13,626 - INFO - Loading AI model...
2026-02-26 19:27:16,548 - INFO - AI model loaded successfully!
2026-02-26 19:27:16,548 - INFO - 🔥 Firewall Manager initialized on Windows
2026-02-26 19:27:16,557 - INFO -    Auto-block: ✅ Enabled
2026-02-26 19:27:16,563 - INFO - 🔥 Firewall Manager integrated with Alert Manager
2026-02-26 19:27:16,568 - INFO - 🚨 Enhanced Alert Manager initialized (max alerts: 1000)
2026-02-26 19:27:16,573 - INFO - 🔥 Firewall Manager initialized on Windows
2026-02-26 19:27:16,578 - INFO -    Auto-block: ✅ Enabled
2026-02-26 19:27:16,583 - INFO - Detector initialized | Interface: WiFi | Auto-block: ENABLED | Telegram alerts: DISABLED
2026-03-04 10:10:09,574 - INFO - Loading AI model...
2026-03-04 10:10:30,913 - INFO - AI model loaded successfully!
2026-03-04 10:10:30,914 - INFO - 🔥 Firewall Manager initialized on Windows
2026-03-04 10:10:31,004 - INFO -    Auto-block: ✅ Enabled
2026-03-04 10:10:31,006 - INFO - 🔥 Firewall Manager integrated with Alert Manager
2026-03-04 10:10:31,010 - INFO - 🚨 Enhanced Alert Manager initialized (max alerts: 1000)
2026-03-04 10:10:31,012 - INFO - 🔥 Firewall Manager initialized on Windows
2026-03-04 10:10:31,016 - INFO -    Auto-block: ✅ Enabled
2026-03-04 10:10:31,019 - INFO - Detector initialized | Interface: WiFi | Auto-block: ENABLED | Telegram alerts: DISABLED
2026-03-04 11:07:34,250 - ERROR - Error: Command '['E:/Wireshark/tshark.exe', '-D']' returned non-zero exit status 3221225786.
